2025-07-22 14:52:05 [background-preinit] INFO  o.h.validator.internal.util.Version:21 - HV000001: Hibernate Validator 8.0.2.Final
2025-07-22 14:52:05 [main] INFO  c.R.A.ArtGalleryProjectApplication:53 - Starting ArtGalleryProjectApplication using Java 17.0.13 with PID 36988 (C:\Users\varad\OneDrive\Desktop\projects\Super30SpringProject\ArtGalleryProject\target\classes started by varad in C:\Users\varad\OneDrive\Desktop\projects\Super30SpringProject\ArtGalleryProject)
2025-07-22 14:52:05 [main] DEBUG c.R.A.ArtGalleryProjectApplication:54 - Running with Spring Boot v3.5.3, Spring v6.2.8
2025-07-22 14:52:05 [main] INFO  c.R.A.ArtGalleryProjectApplication:652 - No active profile set, falling back to 1 default profile: "default"
2025-07-22 14:52:06 [main] INFO  o.s.d.r.c.RepositoryConfigurationDelegate:145 - Bootstrapping Spring Data JPA repositories in DEFAULT mode.
2025-07-22 14:52:06 [main] INFO  o.s.d.r.c.RepositoryConfigurationDelegate:213 - Finished Spring Data repository scanning in 118 ms. Found 6 JPA repository interfaces.
2025-07-22 14:52:07 [main] INFO  o.s.b.w.e.tomcat.TomcatWebServer:111 - Tomcat initialized with port 8085 (http)
2025-07-22 14:52:07 [main] INFO  o.a.coyote.http11.Http11NioProtocol:168 - Initializing ProtocolHandler ["http-nio-8085"]
2025-07-22 14:52:07 [main] INFO  o.a.catalina.core.StandardService:168 - Starting service [Tomcat]
2025-07-22 14:52:07 [main] INFO  o.a.catalina.core.StandardEngine:168 - Starting Servlet engine: [Apache Tomcat/10.1.42]
2025-07-22 14:52:07 [main] INFO  o.a.c.c.C.[Tomcat].[localhost].[/]:168 - Initializing Spring embedded WebApplicationContext
2025-07-22 14:52:07 [main] INFO  o.s.b.w.s.c.ServletWebServerApplicationContext:301 - Root WebApplicationContext: initialization completed in 2207 ms
2025-07-22 14:52:07 [main] ERROR o.s.b.w.e.tomcat.TomcatStarter:60 - Error starting Tomcat context. Exception: org.springframework.beans.factory.UnsatisfiedDependencyException. Message: Error creating bean with name 'jwtAuthFilter': Unsatisfied dependency expressed through field 'jwtService': Error creating bean with name 'jwtService' defined in file [C:\Users\varad\OneDrive\Desktop\projects\Super30SpringProject\ArtGalleryProject\target\classes\com\RESTAPI\ArtGalleryProject\security\JwtService.class]: Failed to instantiate [com.RESTAPI.ArtGalleryProject.security.JwtService]: Constructor threw exception
2025-07-22 14:52:07 [main] INFO  o.a.catalina.core.StandardService:168 - Stopping service [Tomcat]
2025-07-22 14:52:07 [main] WARN  o.s.b.w.s.c.AnnotationConfigServletWebServerApplicationContext:635 - Exception encountered during context initialization - cancelling refresh attempt: org.springframework.context.ApplicationContextException: Unable to start web server
2025-07-22 14:52:07 [main] INFO  o.s.b.a.l.ConditionEvaluationReportLogger:82 - 

Error starting ApplicationContext. To display the condition evaluation report re-run your application with 'debug' enabled.
2025-07-22 14:52:07 [main] ERROR o.s.boot.SpringApplication:857 - Application run failed
org.springframework.context.ApplicationContextException: Unable to start web server
	at org.springframework.boot.web.servlet.context.ServletWebServerApplicationContext.onRefresh(ServletWebServerApplicationContext.java:170)
	at org.springframework.context.support.AbstractApplicationContext.refresh(AbstractApplicationContext.java:621)
	at org.springframework.boot.web.servlet.context.ServletWebServerApplicationContext.refresh(ServletWebServerApplicationContext.java:146)
	at org.springframework.boot.SpringApplication.refresh(SpringApplication.java:752)
	at org.springframework.boot.SpringApplication.refreshContext(SpringApplication.java:439)
	at org.springframework.boot.SpringApplication.run(SpringApplication.java:318)
	at org.springframework.boot.SpringApplication.run(SpringApplication.java:1361)
	at org.springframework.boot.SpringApplication.run(SpringApplication.java:1350)
	at com.RESTAPI.ArtGalleryProject.ArtGalleryProjectApplication.main(ArtGalleryProjectApplication.java:11)
Caused by: org.springframework.boot.web.server.WebServerException: Unable to start embedded Tomcat
	at org.springframework.boot.web.embedded.tomcat.TomcatWebServer.initialize(TomcatWebServer.java:147)
	at org.springframework.boot.web.embedded.tomcat.TomcatWebServer.<init>(TomcatWebServer.java:107)
	at org.springframework.boot.web.embedded.tomcat.TomcatServletWebServerFactory.getTomcatWebServer(TomcatServletWebServerFactory.java:517)
	at org.springframework.boot.web.embedded.tomcat.TomcatServletWebServerFactory.getWebServer(TomcatServletWebServerFactory.java:219)
	at org.springframework.boot.web.servlet.context.ServletWebServerApplicationContext.createWebServer(ServletWebServerApplicationContext.java:193)
	at org.springframework.boot.web.servlet.context.ServletWebServerApplicationContext.onRefresh(ServletWebServerApplicationContext.java:167)
	... 8 common frames omitted
Caused by: org.springframework.beans.factory.UnsatisfiedDependencyException: Error creating bean with name 'jwtAuthFilter': Unsatisfied dependency expressed through field 'jwtService': Error creating bean with name 'jwtService' defined in file [C:\Users\varad\OneDrive\Desktop\projects\Super30SpringProject\ArtGalleryProject\target\classes\com\RESTAPI\ArtGalleryProject\security\JwtService.class]: Failed to instantiate [com.RESTAPI.ArtGalleryProject.security.JwtService]: Constructor threw exception
	at org.springframework.beans.factory.annotation.AutowiredAnnotationBeanPostProcessor$AutowiredFieldElement.resolveFieldValue(AutowiredAnnotationBeanPostProcessor.java:788)
	at org.springframework.beans.factory.annotation.AutowiredAnnotationBeanPostProcessor$AutowiredFieldElement.inject(AutowiredAnnotationBeanPostProcessor.java:768)
	at org.springframework.beans.factory.annotation.InjectionMetadata.inject(InjectionMetadata.java:146)
	at org.springframework.beans.factory.annotation.AutowiredAnnotationBeanPostProcessor.postProcessProperties(AutowiredAnnotationBeanPostProcessor.java:509)
	at org.springframework.beans.factory.support.AbstractAutowireCapableBeanFactory.populateBean(AbstractAutowireCapableBeanFactory.java:1459)
	at org.springframework.beans.factory.support.AbstractAutowireCapableBeanFactory.doCreateBean(AbstractAutowireCapableBeanFactory.java:606)
	at org.springframework.beans.factory.support.AbstractAutowireCapableBeanFactory.createBean(AbstractAutowireCapableBeanFactory.java:529)
	at org.springframework.beans.factory.support.AbstractBeanFactory.lambda$doGetBean$0(AbstractBeanFactory.java:339)
	at org.springframework.beans.factory.support.DefaultSingletonBeanRegistry.getSingleton(DefaultSingletonBeanRegistry.java:373)
	at org.springframework.beans.factory.support.AbstractBeanFactory.doGetBean(AbstractBeanFactory.java:337)
	at org.springframework.beans.factory.support.AbstractBeanFactory.getBean(AbstractBeanFactory.java:207)
	at org.springframework.boot.web.servlet.ServletContextInitializerBeans.getOrderedBeansOfType(ServletContextInitializerBeans.java:230)
	at org.springframework.boot.web.servlet.ServletContextInitializerBeans.addAsRegistrationBean(ServletContextInitializerBeans.java:184)
	at org.springframework.boot.web.servlet.ServletContextInitializerBeans.addAsRegistrationBean(ServletContextInitializerBeans.java:179)
	at org.springframework.boot.web.servlet.ServletContextInitializerBeans.addAdaptableBeans(ServletContextInitializerBeans.java:164)
	at org.springframework.boot.web.servlet.ServletContextInitializerBeans.<init>(ServletContextInitializerBeans.java:96)
	at org.springframework.boot.web.servlet.context.ServletWebServerApplicationContext.getServletContextInitializerBeans(ServletWebServerApplicationContext.java:271)
	at org.springframework.boot.web.servlet.context.ServletWebServerApplicationContext.selfInitialize(ServletWebServerApplicationContext.java:245)
	at org.springframework.boot.web.embedded.tomcat.TomcatStarter.onStartup(TomcatStarter.java:52)
	at org.apache.catalina.core.StandardContext.startInternal(StandardContext.java:4464)
	at org.apache.catalina.util.LifecycleBase.start(LifecycleBase.java:164)
	at org.apache.catalina.core.ContainerBase$StartChild.call(ContainerBase.java:1203)
	at org.apache.catalina.core.ContainerBase$StartChild.call(ContainerBase.java:1193)
	at java.base/java.util.concurrent.FutureTask.run(FutureTask.java:264)
	at org.apache.tomcat.util.threads.InlineExecutorService.execute(InlineExecutorService.java:75)
	at java.base/java.util.concurrent.AbstractExecutorService.submit(AbstractExecutorService.java:145)
	at org.apache.catalina.core.ContainerBase.startInternal(ContainerBase.java:749)
	at org.apache.catalina.core.StandardHost.startInternal(StandardHost.java:772)
	at org.apache.catalina.util.LifecycleBase.start(LifecycleBase.java:164)
	at org.apache.catalina.core.ContainerBase$StartChild.call(ContainerBase.java:1203)
	at org.apache.catalina.core.ContainerBase$StartChild.call(ContainerBase.java:1193)
	at java.base/java.util.concurrent.FutureTask.run(FutureTask.java:264)
	at org.apache.tomcat.util.threads.InlineExecutorService.execute(InlineExecutorService.java:75)
	at java.base/java.util.concurrent.AbstractExecutorService.submit(AbstractExecutorService.java:145)
	at org.apache.catalina.core.ContainerBase.startInternal(ContainerBase.java:749)
	at org.apache.catalina.core.StandardEngine.startInternal(StandardEngine.java:203)
	at org.apache.catalina.util.LifecycleBase.start(LifecycleBase.java:164)
	at org.apache.catalina.core.StandardService.startInternal(StandardService.java:412)
	at org.apache.catalina.util.LifecycleBase.start(LifecycleBase.java:164)
	at org.apache.catalina.core.StandardServer.startInternal(StandardServer.java:870)
	at org.apache.catalina.util.LifecycleBase.start(LifecycleBase.java:164)
	at org.apache.catalina.startup.Tomcat.start(Tomcat.java:438)
	at org.springframework.boot.web.embedded.tomcat.TomcatWebServer.initialize(TomcatWebServer.java:128)
	... 13 common frames omitted
Caused by: org.springframework.beans.factory.BeanCreationException: Error creating bean with name 'jwtService' defined in file [C:\Users\varad\OneDrive\Desktop\projects\Super30SpringProject\ArtGalleryProject\target\classes\com\RESTAPI\ArtGalleryProject\security\JwtService.class]: Failed to instantiate [com.RESTAPI.ArtGalleryProject.security.JwtService]: Constructor threw exception
	at org.springframework.beans.factory.support.AbstractAutowireCapableBeanFactory.instantiateBean(AbstractAutowireCapableBeanFactory.java:1357)
	at org.springframework.beans.factory.support.AbstractAutowireCapableBeanFactory.createBeanInstance(AbstractAutowireCapableBeanFactory.java:1242)
	at org.springframework.beans.factory.support.AbstractAutowireCapableBeanFactory.doCreateBean(AbstractAutowireCapableBeanFactory.java:569)
	at org.springframework.beans.factory.support.AbstractAutowireCapableBeanFactory.createBean(AbstractAutowireCapableBeanFactory.java:529)
	at org.springframework.beans.factory.support.AbstractBeanFactory.lambda$doGetBean$0(AbstractBeanFactory.java:339)
	at org.springframework.beans.factory.support.DefaultSingletonBeanRegistry.getSingleton(DefaultSingletonBeanRegistry.java:373)
	at org.springframework.beans.factory.support.AbstractBeanFactory.doGetBean(AbstractBeanFactory.java:337)
	at org.springframework.beans.factory.support.AbstractBeanFactory.getBean(AbstractBeanFactory.java:202)
	at org.springframework.beans.factory.support.DefaultListableBeanFactory.doResolveDependency(DefaultListableBeanFactory.java:1683)
	at org.springframework.beans.factory.support.DefaultListableBeanFactory.resolveDependency(DefaultListableBeanFactory.java:1628)
	at org.springframework.beans.factory.annotation.AutowiredAnnotationBeanPostProcessor$AutowiredFieldElement.resolveFieldValue(AutowiredAnnotationBeanPostProcessor.java:785)
	... 55 common frames omitted
Caused by: org.springframework.beans.BeanInstantiationException: Failed to instantiate [com.RESTAPI.ArtGalleryProject.security.JwtService]: Constructor threw exception
	at org.springframework.beans.BeanUtils.instantiateClass(BeanUtils.java:223)
	at org.springframework.beans.factory.support.SimpleInstantiationStrategy.instantiate(SimpleInstantiationStrategy.java:122)
	at org.springframework.beans.factory.support.AbstractAutowireCapableBeanFactory.instantiateBean(AbstractAutowireCapableBeanFactory.java:1351)
	... 65 common frames omitted
Caused by: io.jsonwebtoken.security.WeakKeyException: The specified key byte array is 168 bits which is not secure enough for any JWT HMAC-SHA algorithm.  The JWT JWA Specification (RFC 7518, Section 3.2) states that keys used with HMAC-SHA algorithms MUST have a size >= 256 bits (the key size must be greater than or equal to the hash output size).  Consider using the Jwts.SIG.HS256.key() builder (or HS384.key() or HS512.key()) to create a key guaranteed to be secure enough for your preferred HMAC-SHA algorithm.  See https://tools.ietf.org/html/rfc7518#section-3.2 for more information.
	at io.jsonwebtoken.security.Keys.hmacShaKeyFor(Keys.java:83)
	at com.RESTAPI.ArtGalleryProject.security.JwtService.<init>(JwtService.java:19)
	at java.base/jdk.internal.reflect.NativeConstructorAccessorImpl.newInstance0(Native Method)
	at java.base/jdk.internal.reflect.NativeConstructorAccessorImpl.newInstance(NativeConstructorAccessorImpl.java:77)
	at java.base/jdk.internal.reflect.DelegatingConstructorAccessorImpl.newInstance(DelegatingConstructorAccessorImpl.java:45)
	at java.base/java.lang.reflect.Constructor.newInstanceWithCaller(Constructor.java:500)
	at java.base/java.lang.reflect.Constructor.newInstance(Constructor.java:481)
	at org.springframework.beans.BeanUtils.instantiateClass(BeanUtils.java:197)
	... 67 common frames omitted
2025-07-22 14:53:34 [background-preinit] INFO  o.h.validator.internal.util.Version:21 - HV000001: Hibernate Validator 8.0.2.Final
2025-07-22 14:53:35 [main] INFO  c.R.A.ArtGalleryProjectApplication:53 - Starting ArtGalleryProjectApplication using Java 17.0.13 with PID 16288 (C:\Users\varad\OneDrive\Desktop\projects\Super30SpringProject\ArtGalleryProject\target\classes started by varad in C:\Users\varad\OneDrive\Desktop\projects\Super30SpringProject\ArtGalleryProject)
2025-07-22 14:53:35 [main] DEBUG c.R.A.ArtGalleryProjectApplication:54 - Running with Spring Boot v3.5.3, Spring v6.2.8
2025-07-22 14:53:35 [main] INFO  c.R.A.ArtGalleryProjectApplication:652 - No active profile set, falling back to 1 default profile: "default"
2025-07-22 14:53:36 [main] INFO  o.s.d.r.c.RepositoryConfigurationDelegate:145 - Bootstrapping Spring Data JPA repositories in DEFAULT mode.
2025-07-22 14:53:36 [main] INFO  o.s.d.r.c.RepositoryConfigurationDelegate:213 - Finished Spring Data repository scanning in 117 ms. Found 6 JPA repository interfaces.
2025-07-22 14:53:36 [main] INFO  o.s.b.w.e.tomcat.TomcatWebServer:111 - Tomcat initialized with port 8085 (http)
2025-07-22 14:53:37 [main] INFO  o.a.coyote.http11.Http11NioProtocol:168 - Initializing ProtocolHandler ["http-nio-8085"]
2025-07-22 14:53:37 [main] INFO  o.a.catalina.core.StandardService:168 - Starting service [Tomcat]
2025-07-22 14:53:37 [main] INFO  o.a.catalina.core.StandardEngine:168 - Starting Servlet engine: [Apache Tomcat/10.1.42]
2025-07-22 14:53:37 [main] INFO  o.a.c.c.C.[Tomcat].[localhost].[/]:168 - Initializing Spring embedded WebApplicationContext
2025-07-22 14:53:37 [main] INFO  o.s.b.w.s.c.ServletWebServerApplicationContext:301 - Root WebApplicationContext: initialization completed in 1996 ms
2025-07-22 14:53:37 [main] INFO  o.h.jpa.internal.util.LogHelper:31 - HHH000204: Processing PersistenceUnitInfo [name: default]
2025-07-22 14:53:37 [main] INFO  org.hibernate.Version:44 - HHH000412: Hibernate ORM core version 6.6.18.Final
2025-07-22 14:53:37 [main] INFO  o.h.c.i.RegionFactoryInitiator:50 - HHH000026: Second-level cache disabled
2025-07-22 14:53:38 [main] INFO  o.s.o.j.p.SpringPersistenceUnitInfo:87 - No LoadTimeWeaver setup: ignoring JPA class transformer
2025-07-22 14:53:38 [main] INFO  com.zaxxer.hikari.HikariDataSource:109 - HikariPool-1 - Starting...
2025-07-22 14:53:38 [main] INFO  com.zaxxer.hikari.pool.HikariPool:575 - HikariPool-1 - Added connection com.mysql.cj.jdbc.ConnectionImpl@1b4ba615
2025-07-22 14:53:38 [main] INFO  com.zaxxer.hikari.HikariDataSource:122 - HikariPool-1 - Start completed.
2025-07-22 14:53:38 [main] INFO  o.hibernate.orm.connections.pooling:163 - HHH10001005: Database info:
	Database JDBC URL [Connecting through datasource 'HikariDataSource (HikariPool-1)']
	Database driver: undefined/unknown
	Database version: 8.0.40
	Autocommit mode: undefined/unknown
	Isolation level: undefined/unknown
	Minimum pool size: undefined/unknown
	Maximum pool size: undefined/unknown
2025-07-22 14:53:39 [main] INFO  o.h.e.t.j.p.i.JtaPlatformInitiator:59 - HHH000489: No JTA platform available (set 'hibernate.transaction.jta.platform' to enable JTA platform integration)
2025-07-22 14:53:40 [main] INFO  o.s.o.j.LocalContainerEntityManagerFactoryBean:447 - Initialized JPA EntityManagerFactory for persistence unit 'default'
2025-07-22 14:53:40 [main] WARN  o.s.b.a.o.j.JpaBaseConfiguration$JpaWebConfiguration:258 - spring.jpa.open-in-view is enabled by default. Therefore, database queries may be performed during view rendering. Explicitly configure spring.jpa.open-in-view to disable this warning
2025-07-22 14:53:41 [main] INFO  c.R.A.config.CorsConfig:15 - addCorsMappings started
2025-07-22 14:53:41 [main] INFO  c.R.A.config.CorsConfig:21 - addCorsMappings ended
2025-07-22 14:53:41 [main] INFO  c.R.A.config.SecurityConfig:32 - securityFilterChain started.
2025-07-22 14:53:41 [main] INFO  c.R.A.config.SecurityConfig:42 - securityFilterChain finished.
2025-07-22 14:53:42 [main] INFO  o.a.coyote.http11.Http11NioProtocol:168 - Starting ProtocolHandler ["http-nio-8085"]
2025-07-22 14:53:42 [main] INFO  o.s.b.w.e.tomcat.TomcatWebServer:243 - Tomcat started on port 8085 (http) with context path '/'
2025-07-22 14:53:42 [main] INFO  c.R.A.ArtGalleryProjectApplication:59 - Started ArtGalleryProjectApplication in 7.663 seconds (process running for 8.03)
2025-07-22 14:55:32 [http-nio-8085-exec-1] INFO  o.a.c.c.C.[Tomcat].[localhost].[/]:168 - Initializing Spring DispatcherServlet 'dispatcherServlet'
2025-07-22 14:55:32 [http-nio-8085-exec-1] INFO  o.s.web.servlet.DispatcherServlet:532 - Initializing Servlet 'dispatcherServlet'
2025-07-22 14:55:32 [http-nio-8085-exec-1] INFO  o.s.web.servlet.DispatcherServlet:554 - Completed initialization in 1 ms
2025-07-22 15:01:00 [background-preinit] INFO  o.h.validator.internal.util.Version:21 - HV000001: Hibernate Validator 8.0.2.Final
2025-07-22 15:01:01 [main] INFO  c.R.A.ArtGalleryProjectApplication:53 - Starting ArtGalleryProjectApplication using Java 17.0.13 with PID 32480 (C:\Users\varad\OneDrive\Desktop\projects\Super30SpringProject\ArtGalleryProject\target\classes started by varad in C:\Users\varad\OneDrive\Desktop\projects\Super30SpringProject\ArtGalleryProject)
2025-07-22 15:01:01 [main] DEBUG c.R.A.ArtGalleryProjectApplication:54 - Running with Spring Boot v3.5.3, Spring v6.2.8
2025-07-22 15:01:01 [main] INFO  c.R.A.ArtGalleryProjectApplication:652 - No active profile set, falling back to 1 default profile: "default"
2025-07-22 15:01:02 [main] INFO  o.s.d.r.c.RepositoryConfigurationDelegate:145 - Bootstrapping Spring Data JPA repositories in DEFAULT mode.
2025-07-22 15:01:02 [main] INFO  o.s.d.r.c.RepositoryConfigurationDelegate:213 - Finished Spring Data repository scanning in 126 ms. Found 6 JPA repository interfaces.
2025-07-22 15:01:03 [main] INFO  o.s.b.w.e.tomcat.TomcatWebServer:111 - Tomcat initialized with port 8085 (http)
2025-07-22 15:01:03 [main] INFO  o.a.coyote.http11.Http11NioProtocol:168 - Initializing ProtocolHandler ["http-nio-8085"]
2025-07-22 15:01:03 [main] INFO  o.a.catalina.core.StandardService:168 - Starting service [Tomcat]
2025-07-22 15:01:03 [main] INFO  o.a.catalina.core.StandardEngine:168 - Starting Servlet engine: [Apache Tomcat/10.1.42]
2025-07-22 15:01:03 [main] INFO  o.a.c.c.C.[Tomcat].[localhost].[/]:168 - Initializing Spring embedded WebApplicationContext
2025-07-22 15:01:03 [main] INFO  o.s.b.w.s.c.ServletWebServerApplicationContext:301 - Root WebApplicationContext: initialization completed in 2314 ms
2025-07-22 15:01:03 [main] INFO  o.h.jpa.internal.util.LogHelper:31 - HHH000204: Processing PersistenceUnitInfo [name: default]
2025-07-22 15:01:03 [main] INFO  org.hibernate.Version:44 - HHH000412: Hibernate ORM core version 6.6.18.Final
2025-07-22 15:01:03 [main] INFO  o.h.c.i.RegionFactoryInitiator:50 - HHH000026: Second-level cache disabled
2025-07-22 15:01:04 [main] INFO  o.s.o.j.p.SpringPersistenceUnitInfo:87 - No LoadTimeWeaver setup: ignoring JPA class transformer
2025-07-22 15:01:04 [main] INFO  com.zaxxer.hikari.HikariDataSource:109 - HikariPool-1 - Starting...
2025-07-22 15:01:04 [main] INFO  com.zaxxer.hikari.pool.HikariPool:575 - HikariPool-1 - Added connection com.mysql.cj.jdbc.ConnectionImpl@1b4ba615
2025-07-22 15:01:04 [main] INFO  com.zaxxer.hikari.HikariDataSource:122 - HikariPool-1 - Start completed.
2025-07-22 15:01:04 [main] INFO  o.hibernate.orm.connections.pooling:163 - HHH10001005: Database info:
	Database JDBC URL [Connecting through datasource 'HikariDataSource (HikariPool-1)']
	Database driver: undefined/unknown
	Database version: 8.0.40
	Autocommit mode: undefined/unknown
	Isolation level: undefined/unknown
	Minimum pool size: undefined/unknown
	Maximum pool size: undefined/unknown
2025-07-22 15:01:05 [main] INFO  o.h.e.t.j.p.i.JtaPlatformInitiator:59 - HHH000489: No JTA platform available (set 'hibernate.transaction.jta.platform' to enable JTA platform integration)
2025-07-22 15:01:06 [main] INFO  o.s.o.j.LocalContainerEntityManagerFactoryBean:447 - Initialized JPA EntityManagerFactory for persistence unit 'default'
2025-07-22 15:01:06 [main] WARN  o.s.b.a.o.j.JpaBaseConfiguration$JpaWebConfiguration:258 - spring.jpa.open-in-view is enabled by default. Therefore, database queries may be performed during view rendering. Explicitly configure spring.jpa.open-in-view to disable this warning
2025-07-22 15:01:06 [main] INFO  c.R.A.config.CorsConfig:15 - addCorsMappings started
2025-07-22 15:01:06 [main] INFO  c.R.A.config.CorsConfig:21 - addCorsMappings ended
2025-07-22 15:01:07 [main] INFO  c.R.A.config.SecurityConfig:32 - securityFilterChain started.
2025-07-22 15:01:07 [main] INFO  c.R.A.config.SecurityConfig:42 - securityFilterChain finished.
2025-07-22 15:01:07 [main] INFO  o.a.coyote.http11.Http11NioProtocol:168 - Starting ProtocolHandler ["http-nio-8085"]
2025-07-22 15:01:07 [main] INFO  o.s.b.w.e.tomcat.TomcatWebServer:243 - Tomcat started on port 8085 (http) with context path '/'
2025-07-22 15:01:07 [main] INFO  c.R.A.ArtGalleryProjectApplication:59 - Started ArtGalleryProjectApplication in 7.33 seconds (process running for 7.79)
2025-07-22 15:01:18 [http-nio-8085-exec-1] INFO  o.a.c.c.C.[Tomcat].[localhost].[/]:168 - Initializing Spring DispatcherServlet 'dispatcherServlet'
2025-07-22 15:01:18 [http-nio-8085-exec-1] INFO  o.s.web.servlet.DispatcherServlet:532 - Initializing Servlet 'dispatcherServlet'
2025-07-22 15:01:18 [http-nio-8085-exec-1] INFO  o.s.web.servlet.DispatcherServlet:554 - Completed initialization in 2 ms
2025-07-22 15:17:15 [background-preinit] INFO  o.h.validator.internal.util.Version:21 - HV000001: Hibernate Validator 8.0.2.Final
2025-07-22 15:17:15 [main] INFO  c.R.A.ArtGalleryProjectApplication:53 - Starting ArtGalleryProjectApplication using Java 17.0.13 with PID 41348 (C:\Users\varad\OneDrive\Desktop\projects\Super30SpringProject\ArtGalleryProject\target\classes started by varad in C:\Users\varad\OneDrive\Desktop\projects\Super30SpringProject\ArtGalleryProject)
2025-07-22 15:17:15 [main] DEBUG c.R.A.ArtGalleryProjectApplication:54 - Running with Spring Boot v3.5.3, Spring v6.2.8
2025-07-22 15:17:15 [main] INFO  c.R.A.ArtGalleryProjectApplication:652 - No active profile set, falling back to 1 default profile: "default"
2025-07-22 15:17:16 [main] INFO  o.s.d.r.c.RepositoryConfigurationDelegate:145 - Bootstrapping Spring Data JPA repositories in DEFAULT mode.
2025-07-22 15:17:16 [main] INFO  o.s.d.r.c.RepositoryConfigurationDelegate:213 - Finished Spring Data repository scanning in 119 ms. Found 6 JPA repository interfaces.
2025-07-22 15:17:17 [main] INFO  o.s.b.w.e.tomcat.TomcatWebServer:111 - Tomcat initialized with port 8085 (http)
2025-07-22 15:17:17 [main] INFO  o.a.coyote.http11.Http11NioProtocol:168 - Initializing ProtocolHandler ["http-nio-8085"]
2025-07-22 15:17:17 [main] INFO  o.a.catalina.core.StandardService:168 - Starting service [Tomcat]
2025-07-22 15:17:17 [main] INFO  o.a.catalina.core.StandardEngine:168 - Starting Servlet engine: [Apache Tomcat/10.1.42]
2025-07-22 15:17:17 [main] INFO  o.a.c.c.C.[Tomcat].[localhost].[/]:168 - Initializing Spring embedded WebApplicationContext
2025-07-22 15:17:17 [main] INFO  o.s.b.w.s.c.ServletWebServerApplicationContext:301 - Root WebApplicationContext: initialization completed in 2161 ms
2025-07-22 15:17:18 [main] INFO  o.h.jpa.internal.util.LogHelper:31 - HHH000204: Processing PersistenceUnitInfo [name: default]
2025-07-22 15:17:18 [main] INFO  org.hibernate.Version:44 - HHH000412: Hibernate ORM core version 6.6.18.Final
2025-07-22 15:17:18 [main] INFO  o.h.c.i.RegionFactoryInitiator:50 - HHH000026: Second-level cache disabled
2025-07-22 15:17:18 [main] INFO  o.s.o.j.p.SpringPersistenceUnitInfo:87 - No LoadTimeWeaver setup: ignoring JPA class transformer
2025-07-22 15:17:18 [main] INFO  com.zaxxer.hikari.HikariDataSource:109 - HikariPool-1 - Starting...
2025-07-22 15:17:19 [main] INFO  com.zaxxer.hikari.pool.HikariPool:575 - HikariPool-1 - Added connection com.mysql.cj.jdbc.ConnectionImpl@12266084
2025-07-22 15:17:19 [main] INFO  com.zaxxer.hikari.HikariDataSource:122 - HikariPool-1 - Start completed.
2025-07-22 15:17:19 [main] INFO  o.hibernate.orm.connections.pooling:163 - HHH10001005: Database info:
	Database JDBC URL [Connecting through datasource 'HikariDataSource (HikariPool-1)']
	Database driver: undefined/unknown
	Database version: 8.0.40
	Autocommit mode: undefined/unknown
	Isolation level: undefined/unknown
	Minimum pool size: undefined/unknown
	Maximum pool size: undefined/unknown
2025-07-22 15:17:20 [main] INFO  o.h.e.t.j.p.i.JtaPlatformInitiator:59 - HHH000489: No JTA platform available (set 'hibernate.transaction.jta.platform' to enable JTA platform integration)
2025-07-22 15:17:21 [main] INFO  o.s.o.j.LocalContainerEntityManagerFactoryBean:447 - Initialized JPA EntityManagerFactory for persistence unit 'default'
2025-07-22 15:17:22 [main] WARN  o.s.b.a.o.j.JpaBaseConfiguration$JpaWebConfiguration:258 - spring.jpa.open-in-view is enabled by default. Therefore, database queries may be performed during view rendering. Explicitly configure spring.jpa.open-in-view to disable this warning
2025-07-22 15:17:22 [main] INFO  c.R.A.config.CorsConfig:15 - addCorsMappings started
2025-07-22 15:17:22 [main] INFO  c.R.A.config.CorsConfig:21 - addCorsMappings ended
2025-07-22 15:17:22 [main] INFO  c.R.A.config.SecurityConfig:32 - securityFilterChain started.
2025-07-22 15:17:22 [main] INFO  c.R.A.config.SecurityConfig:42 - securityFilterChain finished.
2025-07-22 15:17:23 [main] INFO  o.a.coyote.http11.Http11NioProtocol:168 - Starting ProtocolHandler ["http-nio-8085"]
2025-07-22 15:17:23 [main] INFO  o.s.b.w.e.tomcat.TomcatWebServer:243 - Tomcat started on port 8085 (http) with context path '/'
2025-07-22 15:17:23 [main] INFO  c.R.A.ArtGalleryProjectApplication:59 - Started ArtGalleryProjectApplication in 8.411 seconds (process running for 8.831)
2025-07-22 15:19:36 [http-nio-8085-exec-1] INFO  o.a.c.c.C.[Tomcat].[localhost].[/]:168 - Initializing Spring DispatcherServlet 'dispatcherServlet'
2025-07-22 15:19:36 [http-nio-8085-exec-1] INFO  o.s.web.servlet.DispatcherServlet:532 - Initializing Servlet 'dispatcherServlet'
2025-07-22 15:19:36 [http-nio-8085-exec-1] INFO  o.s.web.servlet.DispatcherServlet:554 - Completed initialization in 3 ms
2025-07-22 18:25:53 [background-preinit] INFO  o.h.validator.internal.util.Version:21 - HV000001: Hibernate Validator 8.0.2.Final
2025-07-22 18:25:54 [main] INFO  c.R.A.ArtGalleryProjectApplication:53 - Starting ArtGalleryProjectApplication using Java 17.0.13 with PID 16652 (C:\Users\varad\OneDrive\Desktop\projects\Super30SpringProject\ArtGalleryProject\target\classes started by varad in C:\Users\varad\OneDrive\Desktop\projects\Super30SpringProject\ArtGalleryProject)
2025-07-22 18:25:54 [main] DEBUG c.R.A.ArtGalleryProjectApplication:54 - Running with Spring Boot v3.5.3, Spring v6.2.8
2025-07-22 18:25:54 [main] INFO  c.R.A.ArtGalleryProjectApplication:652 - No active profile set, falling back to 1 default profile: "default"
2025-07-22 18:25:55 [main] INFO  o.s.d.r.c.RepositoryConfigurationDelegate:145 - Bootstrapping Spring Data JPA repositories in DEFAULT mode.
2025-07-22 18:25:55 [main] INFO  o.s.d.r.c.RepositoryConfigurationDelegate:213 - Finished Spring Data repository scanning in 104 ms. Found 6 JPA repository interfaces.
2025-07-22 18:25:56 [main] INFO  o.s.b.w.e.tomcat.TomcatWebServer:111 - Tomcat initialized with port 8085 (http)
2025-07-22 18:25:56 [main] INFO  o.a.coyote.http11.Http11NioProtocol:168 - Initializing ProtocolHandler ["http-nio-8085"]
2025-07-22 18:25:56 [main] INFO  o.a.catalina.core.StandardService:168 - Starting service [Tomcat]
2025-07-22 18:25:56 [main] INFO  o.a.catalina.core.StandardEngine:168 - Starting Servlet engine: [Apache Tomcat/10.1.42]
2025-07-22 18:25:56 [main] INFO  o.a.c.c.C.[Tomcat].[localhost].[/]:168 - Initializing Spring embedded WebApplicationContext
2025-07-22 18:25:56 [main] INFO  o.s.b.w.s.c.ServletWebServerApplicationContext:301 - Root WebApplicationContext: initialization completed in 2270 ms
2025-07-22 18:25:56 [main] DEBUG c.R.A.security.JwtAuthFilter:240 - Filter 'jwtAuthFilter' configured for use
2025-07-22 18:25:56 [main] INFO  o.h.jpa.internal.util.LogHelper:31 - HHH000204: Processing PersistenceUnitInfo [name: default]
2025-07-22 18:25:56 [main] INFO  org.hibernate.Version:44 - HHH000412: Hibernate ORM core version 6.6.18.Final
2025-07-22 18:25:56 [main] INFO  o.h.c.i.RegionFactoryInitiator:50 - HHH000026: Second-level cache disabled
2025-07-22 18:25:57 [main] INFO  o.s.o.j.p.SpringPersistenceUnitInfo:87 - No LoadTimeWeaver setup: ignoring JPA class transformer
2025-07-22 18:25:57 [main] INFO  com.zaxxer.hikari.HikariDataSource:109 - HikariPool-1 - Starting...
2025-07-22 18:25:57 [main] INFO  com.zaxxer.hikari.pool.HikariPool:575 - HikariPool-1 - Added connection com.mysql.cj.jdbc.ConnectionImpl@6ae6d078
2025-07-22 18:25:57 [main] INFO  com.zaxxer.hikari.HikariDataSource:122 - HikariPool-1 - Start completed.
2025-07-22 18:25:58 [main] INFO  o.hibernate.orm.connections.pooling:163 - HHH10001005: Database info:
	Database JDBC URL [Connecting through datasource 'HikariDataSource (HikariPool-1)']
	Database driver: undefined/unknown
	Database version: 8.0.40
	Autocommit mode: undefined/unknown
	Isolation level: undefined/unknown
	Minimum pool size: undefined/unknown
	Maximum pool size: undefined/unknown
2025-07-22 18:25:59 [main] INFO  o.h.e.t.j.p.i.JtaPlatformInitiator:59 - HHH000489: No JTA platform available (set 'hibernate.transaction.jta.platform' to enable JTA platform integration)
2025-07-22 18:25:59 [main] INFO  o.s.o.j.LocalContainerEntityManagerFactoryBean:447 - Initialized JPA EntityManagerFactory for persistence unit 'default'
2025-07-22 18:26:00 [main] WARN  o.s.b.a.o.j.JpaBaseConfiguration$JpaWebConfiguration:258 - spring.jpa.open-in-view is enabled by default. Therefore, database queries may be performed during view rendering. Explicitly configure spring.jpa.open-in-view to disable this warning
2025-07-22 18:26:00 [main] INFO  c.R.A.config.CorsConfig:15 - addCorsMappings started
2025-07-22 18:26:00 [main] INFO  c.R.A.config.CorsConfig:21 - addCorsMappings ended
2025-07-22 18:26:00 [main] INFO  c.R.A.config.SecurityConfig:32 - securityFilterChain started.
2025-07-22 18:26:00 [main] INFO  c.R.A.config.SecurityConfig:46 - securityFilterChain finished.
2025-07-22 18:26:01 [main] INFO  o.a.coyote.http11.Http11NioProtocol:168 - Starting ProtocolHandler ["http-nio-8085"]
2025-07-22 18:26:01 [main] INFO  o.s.b.w.e.tomcat.TomcatWebServer:243 - Tomcat started on port 8085 (http) with context path '/'
2025-07-22 18:26:01 [main] INFO  c.R.A.ArtGalleryProjectApplication:59 - Started ArtGalleryProjectApplication in 8.099 seconds (process running for 8.497)
2025-07-22 18:26:26 [http-nio-8085-exec-1] INFO  o.a.c.c.C.[Tomcat].[localhost].[/]:168 - Initializing Spring DispatcherServlet 'dispatcherServlet'
2025-07-22 18:26:26 [http-nio-8085-exec-1] INFO  o.s.web.servlet.DispatcherServlet:532 - Initializing Servlet 'dispatcherServlet'
2025-07-22 18:26:26 [http-nio-8085-exec-1] INFO  o.s.web.servlet.DispatcherServlet:554 - Completed initialization in 2 ms
2025-07-22 18:26:26 [http-nio-8085-exec-1] INFO  c.R.A.security.JwtAuthFilter:32 - doFilterInternal started.
2025-07-22 18:26:26 [http-nio-8085-exec-1] INFO  c.R.A.c.D.DashboardController:27 - getPainting started.
2025-07-22 18:26:26 [http-nio-8085-exec-1] INFO  c.R.A.s.D.DashboardServiceImpl:31 - getPaintingsByPage started.
2025-07-22 18:26:26 [http-nio-8085-exec-1] INFO  c.R.A.s.D.DashboardServiceImpl:49 - getPaintingsByPage finished.
2025-07-22 18:26:26 [http-nio-8085-exec-1] INFO  c.R.A.c.D.DashboardController:30 - getPainting finished.
2025-07-22 18:26:26 [http-nio-8085-exec-1] INFO  c.R.A.security.JwtAuthFilter:56 - doFilterInternal finished.
2025-07-22 18:26:26 [http-nio-8085-exec-2] INFO  c.R.A.security.JwtAuthFilter:32 - doFilterInternal started.
2025-07-22 18:26:26 [http-nio-8085-exec-2] INFO  c.R.A.c.D.DashboardController:27 - getPainting started.
2025-07-22 18:26:26 [http-nio-8085-exec-2] INFO  c.R.A.s.D.DashboardServiceImpl:31 - getPaintingsByPage started.
2025-07-22 18:26:26 [http-nio-8085-exec-3] INFO  c.R.A.security.JwtAuthFilter:32 - doFilterInternal started.
2025-07-22 18:26:26 [http-nio-8085-exec-3] INFO  c.R.A.c.D.DashboardController:27 - getPainting started.
2025-07-22 18:26:26 [http-nio-8085-exec-3] INFO  c.R.A.s.D.DashboardServiceImpl:31 - getPaintingsByPage started.
2025-07-22 18:26:26 [http-nio-8085-exec-2] INFO  c.R.A.s.D.DashboardServiceImpl:49 - getPaintingsByPage finished.
2025-07-22 18:26:26 [http-nio-8085-exec-2] INFO  c.R.A.c.D.DashboardController:30 - getPainting finished.
2025-07-22 18:26:26 [http-nio-8085-exec-2] INFO  c.R.A.security.JwtAuthFilter:56 - doFilterInternal finished.
2025-07-22 18:26:26 [http-nio-8085-exec-3] INFO  c.R.A.s.D.DashboardServiceImpl:49 - getPaintingsByPage finished.
2025-07-22 18:26:26 [http-nio-8085-exec-3] INFO  c.R.A.c.D.DashboardController:30 - getPainting finished.
2025-07-22 18:26:26 [http-nio-8085-exec-3] INFO  c.R.A.security.JwtAuthFilter:56 - doFilterInternal finished.
2025-07-22 18:26:26 [http-nio-8085-exec-4] INFO  c.R.A.security.JwtAuthFilter:32 - doFilterInternal started.
2025-07-22 18:26:26 [http-nio-8085-exec-4] INFO  c.R.A.c.D.DashboardController:27 - getPainting started.
2025-07-22 18:26:26 [http-nio-8085-exec-4] INFO  c.R.A.s.D.DashboardServiceImpl:31 - getPaintingsByPage started.
2025-07-22 18:26:26 [http-nio-8085-exec-4] INFO  c.R.A.s.D.DashboardServiceImpl:49 - getPaintingsByPage finished.
2025-07-22 18:26:26 [http-nio-8085-exec-4] INFO  c.R.A.c.D.DashboardController:30 - getPainting finished.
2025-07-22 18:26:26 [http-nio-8085-exec-4] INFO  c.R.A.security.JwtAuthFilter:56 - doFilterInternal finished.
2025-07-22 18:28:04 [http-nio-8085-exec-7] INFO  c.R.A.security.JwtAuthFilter:32 - doFilterInternal started.
2025-07-22 18:28:04 [http-nio-8085-exec-7] INFO  c.R.A.c.D.DashboardController:27 - getPainting started.
2025-07-22 18:28:04 [http-nio-8085-exec-7] INFO  c.R.A.s.D.DashboardServiceImpl:31 - getPaintingsByPage started.
2025-07-22 18:28:04 [http-nio-8085-exec-7] INFO  c.R.A.s.D.DashboardServiceImpl:49 - getPaintingsByPage finished.
2025-07-22 18:28:04 [http-nio-8085-exec-7] INFO  c.R.A.c.D.DashboardController:30 - getPainting finished.
2025-07-22 18:28:04 [http-nio-8085-exec-7] INFO  c.R.A.security.JwtAuthFilter:56 - doFilterInternal finished.
2025-07-22 18:28:04 [http-nio-8085-exec-8] INFO  c.R.A.security.JwtAuthFilter:32 - doFilterInternal started.
2025-07-22 18:28:04 [http-nio-8085-exec-9] INFO  c.R.A.security.JwtAuthFilter:32 - doFilterInternal started.
2025-07-22 18:28:04 [http-nio-8085-exec-8] INFO  c.R.A.c.D.DashboardController:27 - getPainting started.
2025-07-22 18:28:04 [http-nio-8085-exec-8] INFO  c.R.A.s.D.DashboardServiceImpl:31 - getPaintingsByPage started.
2025-07-22 18:28:04 [http-nio-8085-exec-9] INFO  c.R.A.c.D.DashboardController:27 - getPainting started.
2025-07-22 18:28:04 [http-nio-8085-exec-9] INFO  c.R.A.s.D.DashboardServiceImpl:31 - getPaintingsByPage started.
2025-07-22 18:28:04 [http-nio-8085-exec-8] INFO  c.R.A.s.D.DashboardServiceImpl:49 - getPaintingsByPage finished.
2025-07-22 18:28:04 [http-nio-8085-exec-8] INFO  c.R.A.c.D.DashboardController:30 - getPainting finished.
2025-07-22 18:28:04 [http-nio-8085-exec-8] INFO  c.R.A.security.JwtAuthFilter:56 - doFilterInternal finished.
2025-07-22 18:28:04 [http-nio-8085-exec-9] INFO  c.R.A.s.D.DashboardServiceImpl:49 - getPaintingsByPage finished.
2025-07-22 18:28:04 [http-nio-8085-exec-9] INFO  c.R.A.c.D.DashboardController:30 - getPainting finished.
2025-07-22 18:28:04 [http-nio-8085-exec-9] INFO  c.R.A.security.JwtAuthFilter:56 - doFilterInternal finished.
2025-07-22 18:28:04 [http-nio-8085-exec-10] INFO  c.R.A.security.JwtAuthFilter:32 - doFilterInternal started.
2025-07-22 18:28:04 [http-nio-8085-exec-10] INFO  c.R.A.c.D.DashboardController:27 - getPainting started.
2025-07-22 18:28:04 [http-nio-8085-exec-10] INFO  c.R.A.s.D.DashboardServiceImpl:31 - getPaintingsByPage started.
2025-07-22 18:28:04 [http-nio-8085-exec-10] INFO  c.R.A.s.D.DashboardServiceImpl:49 - getPaintingsByPage finished.
2025-07-22 18:28:04 [http-nio-8085-exec-10] INFO  c.R.A.c.D.DashboardController:30 - getPainting finished.
2025-07-22 18:28:04 [http-nio-8085-exec-10] INFO  c.R.A.security.JwtAuthFilter:56 - doFilterInternal finished.
